<?xml version="1.0" encoding="UTF-8"?>
<coverage generated="1747505536727" clover="3.2.0">
  <project timestamp="1747505536727" name="All files">
    <metrics statements="21" coveredstatements="21" conditionals="18" coveredconditionals="18" methods="1" coveredmethods="1" elements="40" coveredelements="40" complexity="0" loc="21" ncloc="21" packages="1" files="1" classes="1"/>
    <file name="discount.js" path="/Users/vintilarazvan/Desktop/Testare_unitara_JS/src/discount.js">
      <metrics statements="21" coveredstatements="21" conditionals="18" coveredconditionals="18" methods="1" coveredmethods="1"/>
      <line num="2" count="7" type="cond" truecount="2" falsecount="0"/>
      <line num="7" count="2" type="stmt"/>
      <line num="10" count="5" type="stmt"/>
      <line num="12" count="5" type="cond" truecount="2" falsecount="0"/>
      <line num="13" count="4" type="cond" truecount="3" falsecount="0"/>
      <line num="15" count="2" type="stmt"/>
      <line num="16" count="2" type="stmt"/>
      <line num="18" count="1" type="stmt"/>
      <line num="19" count="1" type="stmt"/>
      <line num="21" count="1" type="stmt"/>
      <line num="22" count="1" type="stmt"/>
      <line num="25" count="4" type="cond" truecount="2" falsecount="0"/>
      <line num="26" count="2" type="stmt"/>
      <line num="29" count="4" type="cond" truecount="2" falsecount="0"/>
      <line num="30" count="2" type="stmt"/>
      <line num="33" count="4" type="cond" truecount="2" falsecount="0"/>
      <line num="34" count="1" type="stmt"/>
      <line num="36" count="4" type="cond" truecount="2" falsecount="0"/>
      <line num="37" count="1" type="stmt"/>
      <line num="41" count="5" type="stmt"/>
      <line num="44" count="1" type="stmt"/>
    </file>
  </project>
</coverage>
