{"/Users/vintilarazvan/Desktop/Testare_unitara_JS/src/discount.js": {"path":"/Users/vintilarazvan/Desktop/Testare_unitara_JS/src/discount.js","statementMap":{"0":{"start":{"line":2,"column":2},"end":{"line":8,"column":3}},"1":{"start":{"line":7,"column":4},"end":{"line":7,"column":43}},"2":{"start":{"line":10,"column":21},"end":{"line":10,"column":22}},"3":{"start":{"line":12,"column":2},"end":{"line":39,"column":3}},"4":{"start":{"line":13,"column":4},"end":{"line":23,"column":5}},"5":{"start":{"line":15,"column":8},"end":{"line":15,"column":29}},"6":{"start":{"line":16,"column":8},"end":{"line":16,"column":14}},"7":{"start":{"line":18,"column":8},"end":{"line":18,"column":28}},"8":{"start":{"line":19,"column":8},"end":{"line":19,"column":14}},"9":{"start":{"line":21,"column":8},"end":{"line":21,"column":29}},"10":{"start":{"line":22,"column":8},"end":{"line":22,"column":14}},"11":{"start":{"line":25,"column":4},"end":{"line":27,"column":5}},"12":{"start":{"line":26,"column":6},"end":{"line":26,"column":27}},"13":{"start":{"line":29,"column":4},"end":{"line":31,"column":5}},"14":{"start":{"line":30,"column":6},"end":{"line":30,"column":27}},"15":{"start":{"line":33,"column":4},"end":{"line":35,"column":5}},"16":{"start":{"line":34,"column":6},"end":{"line":34,"column":26}},"17":{"start":{"line":36,"column":4},"end":{"line":38,"column":5}},"18":{"start":{"line":37,"column":6},"end":{"line":37,"column":25}},"19":{"start":{"line":41,"column":2},"end":{"line":41,"column":56}},"20":{"start":{"line":44,"column":0},"end":{"line":44,"column":39}}},"fnMap":{"0":{"name":"calculateDiscount","decl":{"start":{"line":1,"column":9},"end":{"line":1,"column":26}},"loc":{"start":{"line":1,"column":34},"end":{"line":42,"column":1}},"line":1}},"branchMap":{"0":{"loc":{"start":{"line":2,"column":2},"end":{"line":8,"column":3}},"type":"if","locations":[{"start":{"line":2,"column":2},"end":{"line":8,"column":3}},{"start":{},"end":{}}],"line":2},"1":{"loc":{"start":{"line":3,"column":4},"end":{"line":5,"column":25}},"type":"binary-expr","locations":[{"start":{"line":3,"column":4},"end":{"line":3,"column":10}},{"start":{"line":4,"column":4},"end":{"line":4,"column":41}},{"start":{"line":5,"column":4},"end":{"line":5,"column":25}}],"line":3},"2":{"loc":{"start":{"line":12,"column":2},"end":{"line":39,"column":3}},"type":"if","locations":[{"start":{"line":12,"column":2},"end":{"line":39,"column":3}},{"start":{},"end":{}}],"line":12},"3":{"loc":{"start":{"line":13,"column":4},"end":{"line":23,"column":5}},"type":"switch","locations":[{"start":{"line":14,"column":6},"end":{"line":16,"column":14}},{"start":{"line":17,"column":6},"end":{"line":19,"column":14}},{"start":{"line":20,"column":6},"end":{"line":22,"column":14}}],"line":13},"4":{"loc":{"start":{"line":25,"column":4},"end":{"line":27,"column":5}},"type":"if","locations":[{"start":{"line":25,"column":4},"end":{"line":27,"column":5}},{"start":{},"end":{}}],"line":25},"5":{"loc":{"start":{"line":29,"column":4},"end":{"line":31,"column":5}},"type":"if","locations":[{"start":{"line":29,"column":4},"end":{"line":31,"column":5}},{"start":{},"end":{}}],"line":29},"6":{"loc":{"start":{"line":33,"column":4},"end":{"line":35,"column":5}},"type":"if","locations":[{"start":{"line":33,"column":4},"end":{"line":35,"column":5}},{"start":{},"end":{}}],"line":33},"7":{"loc":{"start":{"line":36,"column":4},"end":{"line":38,"column":5}},"type":"if","locations":[{"start":{"line":36,"column":4},"end":{"line":38,"column":5}},{"start":{},"end":{}}],"line":36}},"s":{"0":7,"1":2,"2":5,"3":5,"4":4,"5":2,"6":2,"7":1,"8":1,"9":1,"10":1,"11":4,"12":2,"13":4,"14":2,"15":4,"16":1,"17":4,"18":1,"19":5,"20":1},"f":{"0":7},"b":{"0":[2,5],"1":[7,6,6],"2":[4,1],"3":[2,1,1],"4":[2,2],"5":[2,2],"6":[1,3],"7":[1,3]},"_coverageSchema":"1a1c01bbd47fc00a2c39e90264f33305004495a9","hash":"b7c7633a4e558343154b619d632d0e5e6aa95a56"}
}
