TN:
SF:src/discount.js
FN:1,calculateDiscount
FNF:1
FNH:1
FNDA:7,calculateDiscount
DA:2,7
DA:7,2
DA:10,5
DA:12,5
DA:13,4
DA:15,2
DA:16,2
DA:18,1
DA:19,1
DA:21,1
DA:22,1
DA:25,4
DA:26,2
DA:29,4
DA:30,2
DA:33,4
DA:34,1
DA:36,4
DA:37,1
DA:41,5
DA:44,1
LF:21
LH:21
BRDA:2,0,0,2
BRDA:2,0,1,5
BRDA:3,1,0,7
BRDA:3,1,1,6
BRDA:3,1,2,6
BRDA:12,2,0,4
BRDA:12,2,1,1
BRDA:13,3,0,2
BRDA:13,3,1,1
BRDA:13,3,2,1
BRDA:25,4,0,2
BRDA:25,4,1,2
BRDA:29,5,0,2
BRDA:29,5,1,2
BRDA:33,6,0,1
BRDA:33,6,1,3
BRDA:36,7,0,1
BRDA:36,7,1,3
BRF:18
BRH:18
end_of_record
